2020-02-06 11:50:41.366 [main] INFO  org.jeecg.JeecgApplication:50 - Starting JeecgApplication on C02XG41WJGH6 with PID 26750 (/Users/i501338/Documents/06GITHUB/jeecg-boot-master/jeecg-boot/jeecg-boot-module-system/target/classes started by i501338 in /Users/i501338/Documents/06GITHUB/jeecg-boot-master/jeecg-boot/jeecg-boot-module-system)
2020-02-06 11:50:41.369 [main] INFO  org.jeecg.JeecgApplication:679 - The following profiles are active: dev
2020-02-06 11:50:42.527 [main] INFO  o.s.d.r.config.RepositoryConfigurationDelegate:244 - Multiple Spring Data modules found, entering strict repository configuration mode!
2020-02-06 11:50:42.532 [main] INFO  o.s.d.r.config.RepositoryConfigurationDelegate:126 - Bootstrapping Spring Data repositories in DEFAULT mode.
2020-02-06 11:50:42.601 [main] INFO  o.s.d.r.config.RepositoryConfigurationDelegate:182 - Finished Spring Data repository scanning in 51ms. Found 0 repository interfaces.
2020-02-06 11:50:42.990 [main] INFO  o.s.c.s.PostProcessorRegistrationDelegate$BeanPostProcessorChecker:330 - Bean 'shiroConfig' of type [org.jeecg.config.ShiroConfig$$EnhancerBySpringCGLIB$$231e5c9] is not eligible for getting processed by all BeanPostProcessors (for example: not eligible for auto-proxying)
2020-02-06 11:50:43.077 [main] INFO  o.s.c.s.PostProcessorRegistrationDelegate$BeanPostProcessorChecker:330 - Bean 'shiroRealm' of type [org.jeecg.modules.shiro.authc.ShiroRealm] is not eligible for getting processed by all BeanPostProcessors (for example: not eligible for auto-proxying)
2020-02-06 11:50:43.199 [main] INFO  org.jeecg.config.ShiroConfig:195 - ===============(1)创建缓存管理器RedisCacheManager
2020-02-06 11:50:43.202 [main] INFO  org.jeecg.config.ShiroConfig:213 - ===============(2)创建RedisManager,连接Redis..URL= 127.0.0.1:6379
2020-02-06 11:50:43.206 [main] INFO  o.s.c.s.PostProcessorRegistrationDelegate$BeanPostProcessorChecker:330 - Bean 'redisManager' of type [org.crazycake.shiro.RedisManager] is not eligible for getting processed by all BeanPostProcessors (for example: not eligible for auto-proxying)
2020-02-06 11:50:43.210 [main] INFO  o.s.c.s.PostProcessorRegistrationDelegate$BeanPostProcessorChecker:330 - Bean 'securityManager' of type [org.apache.shiro.web.mgt.DefaultWebSecurityManager] is not eligible for getting processed by all BeanPostProcessors (for example: not eligible for auto-proxying)
2020-02-06 11:50:43.251 [main] INFO  o.s.c.s.PostProcessorRegistrationDelegate$BeanPostProcessorChecker:330 - Bean 'authorizationAttributeSourceAdvisor' of type [org.apache.shiro.spring.security.interceptor.AuthorizationAttributeSourceAdvisor] is not eligible for getting processed by all BeanPostProcessors (for example: not eligible for auto-proxying)
2020-02-06 11:50:43.336 [main] INFO  o.s.c.s.PostProcessorRegistrationDelegate$BeanPostProcessorChecker:330 - Bean 'org.springframework.transaction.annotation.ProxyTransactionManagementConfiguration' of type [org.springframework.transaction.annotation.ProxyTransactionManagementConfiguration$$EnhancerBySpringCGLIB$$e22c7c33] is not eligible for getting processed by all BeanPostProcessors (for example: not eligible for auto-proxying)
2020-02-06 11:50:43.532 [main] INFO  o.s.c.s.PostProcessorRegistrationDelegate$BeanPostProcessorChecker:330 - Bean 'spring.datasource.dynamic-com.baomidou.dynamic.datasource.spring.boot.autoconfigure.DynamicDataSourceProperties' of type [com.baomidou.dynamic.datasource.spring.boot.autoconfigure.DynamicDataSourceProperties] is not eligible for getting processed by all BeanPostProcessors (for example: not eligible for auto-proxying)
2020-02-06 11:50:43.538 [main] INFO  o.s.c.s.PostProcessorRegistrationDelegate$BeanPostProcessorChecker:330 - Bean 'com.baomidou.dynamic.datasource.spring.boot.autoconfigure.DynamicDataSourceAutoConfiguration' of type [com.baomidou.dynamic.datasource.spring.boot.autoconfigure.DynamicDataSourceAutoConfiguration$$EnhancerBySpringCGLIB$$4bbaed04] is not eligible for getting processed by all BeanPostProcessors (for example: not eligible for auto-proxying)
2020-02-06 11:50:43.548 [main] INFO  o.s.c.s.PostProcessorRegistrationDelegate$BeanPostProcessorChecker:330 - Bean 'dsProcessor' of type [com.baomidou.dynamic.datasource.processor.DsHeaderProcessor] is not eligible for getting processed by all BeanPostProcessors (for example: not eligible for auto-proxying)
2020-02-06 11:50:43.555 [main] INFO  o.s.c.s.PostProcessorRegistrationDelegate$BeanPostProcessorChecker:330 - Bean 'dynamicDatasourceAnnotationAdvisor' of type [com.baomidou.dynamic.datasource.aop.DynamicDataSourceAnnotationAdvisor] is not eligible for getting processed by all BeanPostProcessors (for example: not eligible for auto-proxying)
2020-02-06 11:50:43.576 [main] INFO  o.s.c.s.PostProcessorRegistrationDelegate$BeanPostProcessorChecker:330 - Bean 'spring.redis-org.springframework.boot.autoconfigure.data.redis.RedisProperties' of type [org.springframework.boot.autoconfigure.data.redis.RedisProperties] is not eligible for getting processed by all BeanPostProcessors (for example: not eligible for auto-proxying)
2020-02-06 11:50:43.586 [main] INFO  o.s.c.s.PostProcessorRegistrationDelegate$BeanPostProcessorChecker:330 - Bean 'org.springframework.boot.autoconfigure.data.redis.LettuceConnectionConfiguration' of type [org.springframework.boot.autoconfigure.data.redis.LettuceConnectionConfiguration$$EnhancerBySpringCGLIB$$f7463a7d] is not eligible for getting processed by all BeanPostProcessors (for example: not eligible for auto-proxying)
2020-02-06 11:50:43.761 [main] INFO  o.s.c.s.PostProcessorRegistrationDelegate$BeanPostProcessorChecker:330 - Bean 'lettuceClientResources' of type [io.lettuce.core.resource.DefaultClientResources] is not eligible for getting processed by all BeanPostProcessors (for example: not eligible for auto-proxying)
2020-02-06 11:50:44.101 [main] INFO  o.s.c.s.PostProcessorRegistrationDelegate$BeanPostProcessorChecker:330 - Bean 'redisConnectionFactory' of type [org.springframework.data.redis.connection.lettuce.LettuceConnectionFactory] is not eligible for getting processed by all BeanPostProcessors (for example: not eligible for auto-proxying)
2020-02-06 11:50:44.115 [main] INFO  o.s.c.s.PostProcessorRegistrationDelegate$BeanPostProcessorChecker:330 - Bean 'redisConfig' of type [org.jeecg.config.RedisConfig$$EnhancerBySpringCGLIB$$4d006d13] is not eligible for getting processed by all BeanPostProcessors (for example: not eligible for auto-proxying)
2020-02-06 11:50:44.149 [main] INFO  o.s.c.s.PostProcessorRegistrationDelegate$BeanPostProcessorChecker:330 - Bean 'org.apache.shiro.spring.boot.autoconfigure.ShiroBeanAutoConfiguration' of type [org.apache.shiro.spring.boot.autoconfigure.ShiroBeanAutoConfiguration$$EnhancerBySpringCGLIB$$f54559e3] is not eligible for getting processed by all BeanPostProcessors (for example: not eligible for auto-proxying)
2020-02-06 11:50:44.155 [main] INFO  o.s.c.s.PostProcessorRegistrationDelegate$BeanPostProcessorChecker:330 - Bean 'eventBus' of type [org.apache.shiro.event.support.DefaultEventBus] is not eligible for getting processed by all BeanPostProcessors (for example: not eligible for auto-proxying)
2020-02-06 11:50:44.552 [main] INFO  o.s.boot.web.embedded.tomcat.TomcatWebServer:90 - Tomcat initialized with port(s): 8080 (http)
2020-02-06 11:50:44.576 [main] INFO  org.apache.coyote.http11.Http11NioProtocol:173 - Initializing ProtocolHandler ["http-nio-8080"]
2020-02-06 11:50:44.589 [main] INFO  org.apache.catalina.core.StandardService:173 - Starting service [Tomcat]
2020-02-06 11:50:44.590 [main] INFO  org.apache.catalina.core.StandardEngine:173 - Starting Servlet engine: [Apache Tomcat/9.0.16]
2020-02-06 11:50:44.601 [main] INFO  org.apache.catalina.core.AprLifecycleListener:173 - The APR based Apache Tomcat Native library which allows optimal performance in production environments was not found on the java.library.path: [/Users/i501338/Library/Java/Extensions:/Library/Java/Extensions:/Network/Library/Java/Extensions:/System/Library/Java/Extensions:/usr/lib/java:.]
2020-02-06 11:50:44.690 [main] INFO  o.a.c.c.C.[Tomcat].[localhost].[/jeecg-boot]:173 - Initializing Spring embedded WebApplicationContext
2020-02-06 11:50:44.691 [main] INFO  org.springframework.web.context.ContextLoader:296 - Root WebApplicationContext: initialization completed in 3294 ms
2020-02-06 11:50:45.087 [main] INFO  c.b.dynamic.datasource.DynamicDataSourceCreator:113 - 动态数据源-检测到druid存在,如配置中未指定type,druid会默认配置
2020-02-06 11:50:45.480 [main] INFO  com.alibaba.druid.pool.DruidDataSource:1003 - {dataSource-1,master} inited
2020-02-06 11:50:45.481 [main] INFO  c.b.dynamic.datasource.DynamicRoutingDataSource:203 - 初始共加载 1 个数据源
2020-02-06 11:50:45.481 [main] INFO  c.b.dynamic.datasource.DynamicRoutingDataSource:142 - 动态数据源-加载 master 成功
2020-02-06 11:50:45.482 [main] INFO  c.b.dynamic.datasource.DynamicRoutingDataSource:212 - 当前的默认数据源是单数据源，数据源名为 master
2020-02-06 11:50:48.565 [main] INFO  org.quartz.impl.StdSchedulerFactory:1208 - Using default implementation for ThreadExecutor
2020-02-06 11:50:48.586 [main] INFO  org.quartz.core.SchedulerSignalerImpl:61 - Initialized Scheduler Signaller of type: class org.quartz.core.SchedulerSignalerImpl
2020-02-06 11:50:48.587 [main] INFO  org.quartz.core.QuartzScheduler:229 - Quartz Scheduler v.2.3.0 created.
2020-02-06 11:50:48.592 [main] INFO  o.s.scheduling.quartz.LocalDataSourceJobStore:672 - Using db table-based data access locking (synchronization).
2020-02-06 11:50:48.595 [main] INFO  o.s.scheduling.quartz.LocalDataSourceJobStore:145 - JobStoreCMT initialized.
2020-02-06 11:50:48.596 [main] INFO  org.quartz.core.QuartzScheduler:294 - Scheduler meta-data: Quartz Scheduler (v2.3.0) 'quartzScheduler' with instanceId 'NON_CLUSTERED'
  Scheduler class: 'org.quartz.core.QuartzScheduler' - running locally.
  NOT STARTED.
  Currently in standby mode.
  Number of jobs executed: 0
  Using thread pool 'org.quartz.simpl.SimpleThreadPool' - with 10 threads.
  Using job-store 'org.springframework.scheduling.quartz.LocalDataSourceJobStore' - which supports persistence. and is not clustered.

2020-02-06 11:50:48.597 [main] INFO  org.quartz.impl.StdSchedulerFactory:1362 - Quartz scheduler 'quartzScheduler' initialized from an externally provided properties instance.
2020-02-06 11:50:48.597 [main] INFO  org.quartz.impl.StdSchedulerFactory:1366 - Quartz scheduler version: 2.3.0
2020-02-06 11:50:48.597 [main] INFO  org.quartz.core.QuartzScheduler:2287 - JobFactory set to: org.springframework.scheduling.quartz.SpringBeanJobFactory@6531ab6
2020-02-06 11:50:50.037 [main] WARN  org.jeecg.common.es.JeecgElasticsearchTemplate:61 - ElasticSearch 服务连接失败，原因：配置未通过。可能是BaseURL未配置或配置有误，也可能是Elasticsearch服务未启动。接下来将会拒绝执行任何方法！
2020-02-06 11:50:50.624 [main] INFO  o.s.b.actuate.endpoint.web.EndpointLinksResolver:59 - Exposing 2 endpoint(s) beneath base path '/actuator'
2020-02-06 11:50:50.778 [main] INFO  s.d.s.w.PropertySourcedRequestMappingHandlerMapping:69 - Mapped URL path [/v2/api-docs] onto method [public org.springframework.http.ResponseEntity<springfox.documentation.spring.web.json.Json> springfox.documentation.swagger2.web.Swagger2Controller.getDocumentation(java.lang.String,javax.servlet.http.HttpServletRequest)]
2020-02-06 11:50:51.047 [main] INFO  o.s.scheduling.concurrent.ThreadPoolTaskExecutor:171 - Initializing ExecutorService 'applicationTaskExecutor'
2020-02-06 11:50:51.871 [main] INFO  s.d.s.web.plugins.DocumentationPluginsBootstrapper:160 - Context refreshed
2020-02-06 11:50:51.896 [main] INFO  s.d.s.web.plugins.DocumentationPluginsBootstrapper:163 - Found 1 custom documentation plugin(s)
2020-02-06 11:50:51.952 [main] INFO  s.d.spring.web.scanners.ApiListingReferenceScanner:41 - Scanning for api listing references
2020-02-06 11:50:52.124 [main] INFO  s.d.s.w.r.operation.CachingOperationNameGenerator:40 - Generating unique operation named: addUsingPOST_1
2020-02-06 11:50:52.126 [main] INFO  s.d.s.w.r.operation.CachingOperationNameGenerator:40 - Generating unique operation named: deleteUsingDELETE_1
2020-02-06 11:50:52.128 [main] INFO  s.d.s.w.r.operation.CachingOperationNameGenerator:40 - Generating unique operation named: deleteBatchUsingDELETE_1
2020-02-06 11:50:52.130 [main] INFO  s.d.s.w.r.operation.CachingOperationNameGenerator:40 - Generating unique operation named: editUsingPUT_1
2020-02-06 11:50:52.131 [main] INFO  s.d.s.w.r.operation.CachingOperationNameGenerator:40 - Generating unique operation named: queryByIdUsingGET_1
2020-02-06 11:50:52.147 [main] INFO  s.d.s.w.r.operation.CachingOperationNameGenerator:40 - Generating unique operation named: addUsingPOST_2
2020-02-06 11:50:52.149 [main] INFO  s.d.s.w.r.operation.CachingOperationNameGenerator:40 - Generating unique operation named: deleteUsingDELETE_2
2020-02-06 11:50:52.151 [main] INFO  s.d.s.w.r.operation.CachingOperationNameGenerator:40 - Generating unique operation named: deleteBatchUsingDELETE_2
2020-02-06 11:50:52.153 [main] INFO  s.d.s.w.r.operation.CachingOperationNameGenerator:40 - Generating unique operation named: editUsingPUT_2
2020-02-06 11:50:52.156 [main] INFO  s.d.s.w.r.operation.CachingOperationNameGenerator:40 - Generating unique operation named: queryByIdUsingGET_2
2020-02-06 11:50:52.168 [main] INFO  s.d.s.w.r.operation.CachingOperationNameGenerator:40 - Generating unique operation named: queryPageListUsingGET_1
2020-02-06 11:50:52.179 [main] INFO  o.s.scheduling.quartz.SchedulerFactoryBean:726 - Starting Quartz Scheduler now
2020-02-06 11:50:52.609 [main] INFO  o.s.scheduling.quartz.LocalDataSourceJobStore:866 - Freed 0 triggers from 'acquired' / 'blocked' state.
2020-02-06 11:50:52.619 [main] INFO  o.s.scheduling.quartz.LocalDataSourceJobStore:876 - Recovering 0 jobs that were in-progress at the time of the last shut-down.
2020-02-06 11:50:52.619 [main] INFO  o.s.scheduling.quartz.LocalDataSourceJobStore:889 - Recovery complete.
2020-02-06 11:50:52.621 [main] INFO  o.s.scheduling.quartz.LocalDataSourceJobStore:896 - Removed 0 'complete' triggers.
2020-02-06 11:50:52.623 [main] INFO  o.s.scheduling.quartz.LocalDataSourceJobStore:901 - Removed 0 stale fired job entries.
2020-02-06 11:50:52.624 [main] INFO  org.quartz.core.QuartzScheduler:547 - Scheduler quartzScheduler_$_NON_CLUSTERED started.
2020-02-06 11:50:52.644 [main] INFO  org.apache.coyote.http11.Http11NioProtocol:173 - Starting ProtocolHandler ["http-nio-8080"]
2020-02-06 11:50:52.668 [main] INFO  o.s.boot.web.embedded.tomcat.TomcatWebServer:204 - Tomcat started on port(s): 8080 (http) with context path '/jeecg-boot'
2020-02-06 11:50:52.673 [main] INFO  org.jeecg.JeecgApplication:59 - Started JeecgApplication in 21.22 seconds (JVM running for 25.215)
2020-02-06 11:50:52.690 [main] INFO  org.jeecg.JeecgApplication:33 - 
----------------------------------------------------------
	Application Jeecg-Boot is running! Access URLs:
	Local: 		http://localhost:8080/jeecg-boot/
	External: 	http://192.168.0.108:8080/jeecg-boot/
	swagger-ui: 		http://192.168.0.108:8080/jeecg-boot/doc.html
----------------------------------------------------------
2020-02-06 11:50:58.307 [http-nio-8080-exec-2] INFO  o.a.c.c.C.[Tomcat].[localhost].[/jeecg-boot]:173 - Initializing Spring DispatcherServlet 'dispatcherServlet'
2020-02-06 11:50:58.310 [http-nio-8080-exec-2] INFO  org.springframework.web.servlet.DispatcherServlet:524 - Initializing Servlet 'dispatcherServlet'
2020-02-06 11:50:58.335 [http-nio-8080-exec-2] INFO  org.springframework.web.servlet.DispatcherServlet:546 - Completed initialization in 25 ms
2020-02-06 12:10:41.444 [http-nio-8080-exec-2] INFO  io.lettuce.core.EpollProvider:68 - Starting without optional epoll library
2020-02-06 12:10:41.448 [http-nio-8080-exec-2] INFO  io.lettuce.core.KqueueProvider:70 - Starting without optional kqueue library
2020-02-06 12:10:52.704 [http-nio-8080-exec-4] DEBUG o.j.m.system.mapper.SysUserMapper.getUserByName:143 - ==>  Preparing: select * from sys_user where username = ? and del_flag = '0' 
2020-02-06 12:10:52.719 [http-nio-8080-exec-4] DEBUG o.j.m.system.mapper.SysUserMapper.getUserByName:143 - ==> Parameters: admin(String)
2020-02-06 12:10:52.737 [http-nio-8080-exec-4] DEBUG o.j.m.system.mapper.SysUserMapper.getUserByName:143 - <==      Total: 1
2020-02-06 12:10:52.799 [http-nio-8080-exec-4] DEBUG o.j.m.s.mapper.SysDepartMapper.queryUserDeparts:143 - ==>  Preparing: select * from sys_depart where id IN ( select dep_id from sys_user_depart where user_id = ? ) 
2020-02-06 12:10:52.801 [http-nio-8080-exec-4] DEBUG o.j.m.s.mapper.SysDepartMapper.queryUserDeparts:143 - ==> Parameters: e9ca23d68d884d4ebb19d07889727dae(String)
2020-02-06 12:10:52.812 [http-nio-8080-exec-4] DEBUG o.j.m.s.mapper.SysDepartMapper.queryUserDeparts:143 - <==      Total: 1
2020-02-06 12:10:52.816 [http-nio-8080-exec-4] DEBUG o.j.m.system.mapper.SysUserMapper.updateUserDepart:143 - ==>  Preparing: UPDATE sys_user SET org_code = ? where username = ? 
2020-02-06 12:10:52.817 [http-nio-8080-exec-4] DEBUG o.j.m.system.mapper.SysUserMapper.updateUserDepart:143 - ==> Parameters: A01(String), admin(String)
2020-02-06 12:10:52.821 [http-nio-8080-exec-4] DEBUG o.j.m.system.mapper.SysUserMapper.updateUserDepart:143 - <==    Updates: 1
2020-02-06 12:10:52.878 [http-nio-8080-exec-4] DEBUG o.jeecg.modules.system.mapper.SysLogMapper.insert:143 - ==>  Preparing: INSERT INTO sys_log ( id, create_time, ip, log_content, log_type ) VALUES ( ?, ?, ?, ?, ? ) 
2020-02-06 12:10:52.912 [http-nio-8080-exec-4] DEBUG o.jeecg.modules.system.mapper.SysLogMapper.insert:143 - ==> Parameters: 1225270611551387650(String), 2020-02-06 12:10:52.845(Timestamp), 127.0.0.1(String), 用户名: admin,登录成功！(String), 1(Integer)
2020-02-06 12:10:52.919 [http-nio-8080-exec-4] DEBUG o.jeecg.modules.system.mapper.SysLogMapper.insert:143 - <==    Updates: 1
2020-02-06 12:10:52.958 [http-nio-8080-exec-5] INFO  org.jeecg.modules.shiro.authc.ShiroRealm:118 - ———校验token是否有效————checkUserTokenIsEffect——————— eyJ0eXAiOiJKV1QiLCJhbGciOiJIUzI1NiJ9.eyJleHAiOjE1ODA5NjQwNTIsInVzZXJuYW1lIjoiYWRtaW4ifQ.n8UpfNmqsRtw2lBCrgIkPonLbtLwiGa6kUU2VXYDa6Q
2020-02-06 12:10:52.965 [http-nio-8080-exec-5] DEBUG o.j.m.system.mapper.SysUserMapper.getUserByName:143 - ==>  Preparing: select * from sys_user where username = ? and del_flag = '0' 
2020-02-06 12:10:52.966 [http-nio-8080-exec-5] DEBUG o.j.m.system.mapper.SysUserMapper.getUserByName:143 - ==> Parameters: admin(String)
2020-02-06 12:10:52.967 [http-nio-8080-exec-5] DEBUG o.j.m.system.mapper.SysUserMapper.getUserByName:143 - <==      Total: 1
2020-02-06 12:10:53.012 [http-nio-8080-exec-5] INFO  o.j.m.system.controller.SysPermissionController:182 -  ------ 通过令牌获取用户拥有的访问菜单 ---- TOKEN ------ eyJ0eXAiOiJKV1QiLCJhbGciOiJIUzI1NiJ9.eyJleHAiOjE1ODA5NjQwNTIsInVzZXJuYW1lIjoiYWRtaW4ifQ.n8UpfNmqsRtw2lBCrgIkPonLbtLwiGa6kUU2VXYDa6Q
2020-02-06 12:10:53.028 [http-nio-8080-exec-5] DEBUG o.j.m.s.mapper.SysPermissionMapper.queryByUser:143 - ==>  Preparing: SELECT p.* FROM sys_permission p WHERE exists( select a.id from sys_role_permission a join sys_role b on a.role_id = b.id join sys_user_role c on c.role_id = b.id join sys_user d on d.id = c.user_id where p.id = a.permission_id AND d.username = ? ) and p.del_flag = 0 order by p.sort_no ASC 
2020-02-06 12:10:53.033 [http-nio-8080-exec-5] DEBUG o.j.m.s.mapper.SysPermissionMapper.queryByUser:143 - ==> Parameters: admin(String)
2020-02-06 12:10:53.073 [http-nio-8080-exec-5] DEBUG o.j.m.s.mapper.SysPermissionMapper.queryByUser:143 - <==      Total: 102
2020-02-06 12:10:53.111 [http-nio-8080-exec-5] DEBUG o.j.m.system.mapper.SysPermissionMapper.selectList:143 - ==>  Preparing: SELECT id,parent_id,name,perms,perms_type,icon,component,component_name,url,redirect,sort_no,menu_type,is_leaf AS leaf,is_route AS route,keep_alive,description,create_by,del_flag,rule_flag,hidden,create_time,update_by,update_time,status,always_show,internal_or_external FROM sys_permission WHERE del_flag = ? AND menu_type = ? 
2020-02-06 12:10:53.113 [http-nio-8080-exec-5] DEBUG o.j.m.system.mapper.SysPermissionMapper.selectList:143 - ==> Parameters: 0(Integer), 2(Integer)
2020-02-06 12:10:53.117 [http-nio-8080-exec-5] DEBUG o.j.m.system.mapper.SysPermissionMapper.selectList:143 - <==      Total: 3
2020-02-06 12:10:53.662 [http-nio-8080-exec-7] INFO  org.jeecg.modules.message.websocket.WebSocket:41 - 【websocket消息】有新的连接，总数为:1
2020-02-06 12:10:53.689 [http-nio-8080-exec-9] ERROR o.jeecg.common.system.controller.CommonController:119 - 预览图片失败D:/upFiles/user/20190119/logo-2_1547868176839.png (No such file or directory)
2020-02-06 12:10:53.742 [http-nio-8080-exec-8] INFO  org.jeecg.modules.shiro.authc.ShiroRealm:118 - ———校验token是否有效————checkUserTokenIsEffect——————— eyJ0eXAiOiJKV1QiLCJhbGciOiJIUzI1NiJ9.eyJleHAiOjE1ODA5NjQwNTIsInVzZXJuYW1lIjoiYWRtaW4ifQ.n8UpfNmqsRtw2lBCrgIkPonLbtLwiGa6kUU2VXYDa6Q
2020-02-06 12:10:53.744 [http-nio-8080-exec-6] INFO  org.jeecg.modules.shiro.authc.ShiroRealm:118 - ———校验token是否有效————checkUserTokenIsEffect——————— eyJ0eXAiOiJKV1QiLCJhbGciOiJIUzI1NiJ9.eyJleHAiOjE1ODA5NjQwNTIsInVzZXJuYW1lIjoiYWRtaW4ifQ.n8UpfNmqsRtw2lBCrgIkPonLbtLwiGa6kUU2VXYDa6Q
2020-02-06 12:10:53.762 [http-nio-8080-exec-10] INFO  org.jeecg.modules.shiro.authc.ShiroRealm:118 - ———校验token是否有效————checkUserTokenIsEffect——————— eyJ0eXAiOiJKV1QiLCJhbGciOiJIUzI1NiJ9.eyJleHAiOjE1ODA5NjQwNTIsInVzZXJuYW1lIjoiYWRtaW4ifQ.n8UpfNmqsRtw2lBCrgIkPonLbtLwiGa6kUU2VXYDa6Q
2020-02-06 12:10:53.778 [http-nio-8080-exec-8] DEBUG o.j.m.s.mapper.SysLogMapper.findTotalVisitCount:143 - ==>  Preparing: select count(1) from sys_log where log_type = 1 
2020-02-06 12:10:53.781 [http-nio-8080-exec-8] DEBUG o.j.m.s.mapper.SysLogMapper.findTotalVisitCount:143 - ==> Parameters: 
2020-02-06 12:10:53.784 [http-nio-8080-exec-8] DEBUG o.j.m.s.mapper.SysLogMapper.findTotalVisitCount:143 - <==      Total: 1
2020-02-06 12:10:53.785 [http-nio-8080-exec-6] DEBUG o.j.m.system.mapper.SysLogMapper.findVisitCount:143 - ==>  Preparing: select count(*) as visit ,count(distinct(ip)) as ip ,DATE_FORMAT(create_time, '%Y-%m-%d') as tian ,DATE_FORMAT(create_time, '%m-%d') as type from sys_log where log_type = 1 and create_time >= ? and create_time < ? group by tian,type order by tian asc 
2020-02-06 12:10:53.787 [http-nio-8080-exec-8] DEBUG o.j.m.s.mapper.SysLogMapper.findTodayVisitCount:143 - ==>  Preparing: select count(1) from sys_log where log_type = 1 and create_time >= ? and create_time < ? 
2020-02-06 12:10:53.789 [http-nio-8080-exec-8] DEBUG o.j.m.s.mapper.SysLogMapper.findTodayVisitCount:143 - ==> Parameters: 2020-02-06 00:00:00.0(Timestamp), 2020-02-07 00:00:00.0(Timestamp)
2020-02-06 12:10:53.791 [http-nio-8080-exec-6] DEBUG o.j.m.system.mapper.SysLogMapper.findVisitCount:143 - ==> Parameters: 2020-01-31 00:00:00.0(Timestamp), 2020-02-07 00:00:00.0(Timestamp)
2020-02-06 12:10:53.791 [http-nio-8080-exec-8] DEBUG o.j.m.s.mapper.SysLogMapper.findTodayVisitCount:143 - <==      Total: 1
2020-02-06 12:10:53.793 [http-nio-8080-exec-8] DEBUG o.j.modules.system.mapper.SysLogMapper.findTodayIp:143 - ==>  Preparing: select count(distinct(ip)) from sys_log where log_type = 1 and create_time >= ? and create_time < ? 
2020-02-06 12:10:53.794 [http-nio-8080-exec-8] DEBUG o.j.modules.system.mapper.SysLogMapper.findTodayIp:143 - ==> Parameters: 2020-02-06 00:00:00.0(Timestamp), 2020-02-07 00:00:00.0(Timestamp)
2020-02-06 12:10:53.795 [http-nio-8080-exec-6] DEBUG o.j.m.system.mapper.SysLogMapper.findVisitCount:143 - <==      Total: 1
2020-02-06 12:10:53.796 [http-nio-8080-exec-8] DEBUG o.j.modules.system.mapper.SysLogMapper.findTodayIp:143 - <==      Total: 1
2020-02-06 12:10:53.801 [http-nio-8080-exec-10] DEBUG o.j.m.s.m.SysAnnouncementSendMapper.queryByUserId:143 - ==>  Preparing: select sas.annt_id from sys_announcement_send sas where sas.user_id = ? 
2020-02-06 12:10:53.803 [http-nio-8080-exec-10] DEBUG o.j.m.s.m.SysAnnouncementSendMapper.queryByUserId:143 - ==> Parameters: e9ca23d68d884d4ebb19d07889727dae(String)
2020-02-06 12:10:53.807 [http-nio-8080-exec-10] DEBUG o.j.m.s.m.SysAnnouncementSendMapper.queryByUserId:143 - <==      Total: 1
2020-02-06 12:10:53.842 [http-nio-8080-exec-10] DEBUG o.j.m.s.mapper.SysAnnouncementMapper.selectList:143 - ==>  Preparing: SELECT id,titile,msg_content,start_time,end_time,sender,priority,msg_category,msg_type,send_status,send_time,cancel_time,del_flag,create_by,create_time,update_by,update_time,user_ids FROM sys_announcement WHERE msg_type = ? AND del_flag = ? AND send_status = ? AND end_time >= ? AND id NOT IN (?) 
2020-02-06 12:10:53.847 [http-nio-8080-exec-10] DEBUG o.j.m.s.mapper.SysAnnouncementMapper.selectList:143 - ==> Parameters: ALL(String), 0(String), 1(String), 2038-06-21 17:54:10.0(Timestamp), 93a9060a1c20e4bf98b3f768a02c2ff9(String)
2020-02-06 12:10:53.854 [http-nio-8080-exec-10] DEBUG o.j.m.s.mapper.SysAnnouncementMapper.selectList:143 - <==      Total: 0
2020-02-06 12:10:53.923 [http-nio-8080-exec-10] DEBUG o.j.m.s.m.S.querySysCementListByUserId:143 - ==>  Preparing: SELECT COUNT(1) FROM sys_announcement WHERE send_status = '1' AND del_flag = '0' AND msg_category = ? AND id IN (SELECT annt_id FROM sys_announcement_send WHERE user_id = ? AND read_flag = '0') 
2020-02-06 12:10:53.926 [http-nio-8080-exec-10] DEBUG o.j.m.s.m.S.querySysCementListByUserId:143 - ==> Parameters: 1(String), e9ca23d68d884d4ebb19d07889727dae(String)
2020-02-06 12:10:53.933 [http-nio-8080-exec-10] DEBUG o.j.m.s.m.S.querySysCementListByUserId:143 - ==>  Preparing: SELECT COUNT(1) FROM sys_announcement WHERE send_status = '1' AND del_flag = '0' AND msg_category = ? AND id IN (SELECT annt_id FROM sys_announcement_send WHERE user_id = ? AND read_flag = '0') 
2020-02-06 12:10:53.934 [http-nio-8080-exec-10] DEBUG o.j.m.s.m.S.querySysCementListByUserId:143 - ==> Parameters: 2(String), e9ca23d68d884d4ebb19d07889727dae(String)
2020-02-06 12:11:00.154 [http-nio-8080-exec-3] INFO  org.jeecg.modules.shiro.authc.ShiroRealm:118 - ———校验token是否有效————checkUserTokenIsEffect——————— eyJ0eXAiOiJKV1QiLCJhbGciOiJIUzI1NiJ9.eyJleHAiOjE1ODA5NjQwNTIsInVzZXJuYW1lIjoiYWRtaW4ifQ.n8UpfNmqsRtw2lBCrgIkPonLbtLwiGa6kUU2VXYDa6Q
2020-02-06 12:11:00.154 [http-nio-8080-exec-1] INFO  org.jeecg.modules.shiro.authc.ShiroRealm:118 - ———校验token是否有效————checkUserTokenIsEffect——————— eyJ0eXAiOiJKV1QiLCJhbGciOiJIUzI1NiJ9.eyJleHAiOjE1ODA5NjQwNTIsInVzZXJuYW1lIjoiYWRtaW4ifQ.n8UpfNmqsRtw2lBCrgIkPonLbtLwiGa6kUU2VXYDa6Q
2020-02-06 12:11:00.176 [http-nio-8080-exec-3] INFO  o.j.modules.system.controller.SysDictController:130 -  dictCode : cgform_table_type
2020-02-06 12:11:00.209 [http-nio-8080-exec-3] INFO  o.j.modules.system.service.impl.SysDictServiceImpl:51 - 无缓存dictCache的时候调用这里！
2020-02-06 12:11:00.211 [http-nio-8080-exec-3] DEBUG o.j.m.s.mapper.SysDictMapper.queryDictItemsByCode:143 - ==>  Preparing: select s.item_value as "value",s.item_text as "text" from sys_dict_item s where dict_id = (select id from sys_dict where dict_code = ?) order by s.sort_order asc 
2020-02-06 12:11:00.214 [http-nio-8080-exec-3] DEBUG o.j.m.s.mapper.SysDictMapper.queryDictItemsByCode:143 - ==> Parameters: cgform_table_type(String)
2020-02-06 12:11:00.221 [http-nio-8080-exec-3] DEBUG o.j.m.s.mapper.SysDictMapper.queryDictItemsByCode:143 - <==      Total: 3
2020-02-06 12:11:00.228 [http-nio-8080-exec-1] INFO  org.jeecg.common.system.query.QueryGenerator:389 - --查询规则-->copy_type = 0
2020-02-06 12:11:00.228 [http-nio-8080-exec-3] INFO  o.j.modules.system.controller.SysDictController:163 - Result(success=true, message=操作成功！, code=0, result=[DictModel(value=1, text=单表), DictModel(value=2, text=主表), DictModel(value=3, text=附表)], timestamp=1580962260176)
2020-02-06 12:11:00.237 [http-nio-8080-exec-2] INFO  org.jeecg.modules.shiro.authc.ShiroRealm:118 - ———校验token是否有效————checkUserTokenIsEffect——————— eyJ0eXAiOiJKV1QiLCJhbGciOiJIUzI1NiJ9.eyJleHAiOjE1ODA5NjQwNTIsInVzZXJuYW1lIjoiYWRtaW4ifQ.n8UpfNmqsRtw2lBCrgIkPonLbtLwiGa6kUU2VXYDa6Q
2020-02-06 12:11:00.243 [http-nio-8080-exec-2] INFO  o.j.modules.system.controller.SysDictController:130 -  dictCode : cgform_table_type
2020-02-06 12:11:00.247 [http-nio-8080-exec-2] INFO  o.j.modules.system.controller.SysDictController:163 - Result(success=true, message=操作成功！, code=0, result=[DictModel(value=1, text=单表), DictModel(value=2, text=主表), DictModel(value=3, text=附表)], timestamp=1580962260244)
2020-02-06 12:11:09.760 [http-nio-8080-exec-4] INFO  org.jeecg.modules.shiro.authc.ShiroRealm:118 - ———校验token是否有效————checkUserTokenIsEffect——————— eyJ0eXAiOiJKV1QiLCJhbGciOiJIUzI1NiJ9.eyJleHAiOjE1ODA5NjQwNTIsInVzZXJuYW1lIjoiYWRtaW4ifQ.n8UpfNmqsRtw2lBCrgIkPonLbtLwiGa6kUU2VXYDa6Q
2020-02-06 12:11:09.760 [http-nio-8080-exec-5] INFO  org.jeecg.modules.shiro.authc.ShiroRealm:118 - ———校验token是否有效————checkUserTokenIsEffect——————— eyJ0eXAiOiJKV1QiLCJhbGciOiJIUzI1NiJ9.eyJleHAiOjE1ODA5NjQwNTIsInVzZXJuYW1lIjoiYWRtaW4ifQ.n8UpfNmqsRtw2lBCrgIkPonLbtLwiGa6kUU2VXYDa6Q
2020-02-06 12:11:27.371 [http-nio-8080-exec-8] INFO  org.jeecg.modules.shiro.authc.ShiroRealm:118 - ———校验token是否有效————checkUserTokenIsEffect——————— eyJ0eXAiOiJKV1QiLCJhbGciOiJIUzI1NiJ9.eyJleHAiOjE1ODA5NjQwNTIsInVzZXJuYW1lIjoiYWRtaW4ifQ.n8UpfNmqsRtw2lBCrgIkPonLbtLwiGa6kUU2VXYDa6Q
2020-02-06 12:11:27.381 [http-nio-8080-exec-8] INFO  org.jeecg.common.system.query.QueryGenerator:389 - --查询规则-->cgform_head_id = deea5a8ec619460c9245ba85dbc59e80
2020-02-06 12:11:51.748 [http-nio-8080-exec-3] INFO  org.jeecg.modules.shiro.authc.ShiroRealm:118 - ———校验token是否有效————checkUserTokenIsEffect——————— eyJ0eXAiOiJKV1QiLCJhbGciOiJIUzI1NiJ9.eyJleHAiOjE1ODA5NjQwNTIsInVzZXJuYW1lIjoiYWRtaW4ifQ.n8UpfNmqsRtw2lBCrgIkPonLbtLwiGa6kUU2VXYDa6Q
2020-02-06 12:11:55.808 [http-nio-8080-exec-4] INFO  org.jeecg.modules.shiro.authc.ShiroRealm:118 - ———校验token是否有效————checkUserTokenIsEffect——————— eyJ0eXAiOiJKV1QiLCJhbGciOiJIUzI1NiJ9.eyJleHAiOjE1ODA5NjQwNTIsInVzZXJuYW1lIjoiYWRtaW4ifQ.n8UpfNmqsRtw2lBCrgIkPonLbtLwiGa6kUU2VXYDa6Q
2020-02-06 12:11:56.418 [http-nio-8080-exec-7] INFO  org.jeecg.modules.shiro.authc.ShiroRealm:118 - ———校验token是否有效————checkUserTokenIsEffect——————— eyJ0eXAiOiJKV1QiLCJhbGciOiJIUzI1NiJ9.eyJleHAiOjE1ODA5NjQwNTIsInVzZXJuYW1lIjoiYWRtaW4ifQ.n8UpfNmqsRtw2lBCrgIkPonLbtLwiGa6kUU2VXYDa6Q
2020-02-06 12:11:56.571 [http-nio-8080-exec-9] INFO  org.jeecg.modules.shiro.authc.ShiroRealm:118 - ———校验token是否有效————checkUserTokenIsEffect——————— eyJ0eXAiOiJKV1QiLCJhbGciOiJIUzI1NiJ9.eyJleHAiOjE1ODA5NjQwNTIsInVzZXJuYW1lIjoiYWRtaW4ifQ.n8UpfNmqsRtw2lBCrgIkPonLbtLwiGa6kUU2VXYDa6Q
2020-02-06 12:11:56.665 [http-nio-8080-exec-8] INFO  org.jeecg.modules.shiro.authc.ShiroRealm:118 - ———校验token是否有效————checkUserTokenIsEffect——————— eyJ0eXAiOiJKV1QiLCJhbGciOiJIUzI1NiJ9.eyJleHAiOjE1ODA5NjQwNTIsInVzZXJuYW1lIjoiYWRtaW4ifQ.n8UpfNmqsRtw2lBCrgIkPonLbtLwiGa6kUU2VXYDa6Q
2020-02-06 12:11:56.847 [http-nio-8080-exec-10] INFO  org.jeecg.modules.shiro.authc.ShiroRealm:118 - ———校验token是否有效————checkUserTokenIsEffect——————— eyJ0eXAiOiJKV1QiLCJhbGciOiJIUzI1NiJ9.eyJleHAiOjE1ODA5NjQwNTIsInVzZXJuYW1lIjoiYWRtaW4ifQ.n8UpfNmqsRtw2lBCrgIkPonLbtLwiGa6kUU2VXYDa6Q
2020-02-06 12:11:56.936 [http-nio-8080-exec-6] INFO  org.jeecg.modules.shiro.authc.ShiroRealm:118 - ———校验token是否有效————checkUserTokenIsEffect——————— eyJ0eXAiOiJKV1QiLCJhbGciOiJIUzI1NiJ9.eyJleHAiOjE1ODA5NjQwNTIsInVzZXJuYW1lIjoiYWRtaW4ifQ.n8UpfNmqsRtw2lBCrgIkPonLbtLwiGa6kUU2VXYDa6Q
2020-02-06 12:11:57.109 [http-nio-8080-exec-3] INFO  org.jeecg.modules.shiro.authc.ShiroRealm:118 - ———校验token是否有效————checkUserTokenIsEffect——————— eyJ0eXAiOiJKV1QiLCJhbGciOiJIUzI1NiJ9.eyJleHAiOjE1ODA5NjQwNTIsInVzZXJuYW1lIjoiYWRtaW4ifQ.n8UpfNmqsRtw2lBCrgIkPonLbtLwiGa6kUU2VXYDa6Q
2020-02-06 12:11:57.232 [http-nio-8080-exec-2] INFO  org.jeecg.modules.shiro.authc.ShiroRealm:118 - ———校验token是否有效————checkUserTokenIsEffect——————— eyJ0eXAiOiJKV1QiLCJhbGciOiJIUzI1NiJ9.eyJleHAiOjE1ODA5NjQwNTIsInVzZXJuYW1lIjoiYWRtaW4ifQ.n8UpfNmqsRtw2lBCrgIkPonLbtLwiGa6kUU2VXYDa6Q
2020-02-06 12:11:57.316 [http-nio-8080-exec-1] INFO  org.jeecg.modules.shiro.authc.ShiroRealm:118 - ———校验token是否有效————checkUserTokenIsEffect——————— eyJ0eXAiOiJKV1QiLCJhbGciOiJIUzI1NiJ9.eyJleHAiOjE1ODA5NjQwNTIsInVzZXJuYW1lIjoiYWRtaW4ifQ.n8UpfNmqsRtw2lBCrgIkPonLbtLwiGa6kUU2VXYDa6Q
2020-02-06 12:13:20.887 [http-nio-8080-exec-2] INFO  org.jeecg.modules.shiro.authc.ShiroRealm:118 - ———校验token是否有效————checkUserTokenIsEffect——————— eyJ0eXAiOiJKV1QiLCJhbGciOiJIUzI1NiJ9.eyJleHAiOjE1ODA5NjQwNTIsInVzZXJuYW1lIjoiYWRtaW4ifQ.n8UpfNmqsRtw2lBCrgIkPonLbtLwiGa6kUU2VXYDa6Q
2020-02-06 12:13:21.140 [http-nio-8080-exec-1] INFO  org.jeecg.modules.shiro.authc.ShiroRealm:118 - ———校验token是否有效————checkUserTokenIsEffect——————— eyJ0eXAiOiJKV1QiLCJhbGciOiJIUzI1NiJ9.eyJleHAiOjE1ODA5NjQwNTIsInVzZXJuYW1lIjoiYWRtaW4ifQ.n8UpfNmqsRtw2lBCrgIkPonLbtLwiGa6kUU2VXYDa6Q
2020-02-06 12:13:21.503 [http-nio-8080-exec-4] INFO  org.jeecg.modules.shiro.authc.ShiroRealm:118 - ———校验token是否有效————checkUserTokenIsEffect——————— eyJ0eXAiOiJKV1QiLCJhbGciOiJIUzI1NiJ9.eyJleHAiOjE1ODA5NjQwNTIsInVzZXJuYW1lIjoiYWRtaW4ifQ.n8UpfNmqsRtw2lBCrgIkPonLbtLwiGa6kUU2VXYDa6Q
2020-02-06 12:13:21.509 [http-nio-8080-exec-4] INFO  org.jeecg.common.system.query.QueryGenerator:389 - --查询规则-->copy_type = 0
2020-02-06 12:13:40.197 [http-nio-8080-exec-9] INFO  org.jeecg.modules.shiro.authc.ShiroRealm:118 - ———校验token是否有效————checkUserTokenIsEffect——————— eyJ0eXAiOiJKV1QiLCJhbGciOiJIUzI1NiJ9.eyJleHAiOjE1ODA5NjQwNTIsInVzZXJuYW1lIjoiYWRtaW4ifQ.n8UpfNmqsRtw2lBCrgIkPonLbtLwiGa6kUU2VXYDa6Q
2020-02-06 12:13:40.376 [http-nio-8080-exec-9] INFO  org.jeecg.modules.online.config.util.c:65 - <?xml version="1.0" encoding="UTF-8"?>
<!DOCTYPE hibernate-mapping PUBLIC "-//Hibernate/Hibernate Mapping DTD 3.0//EN" "http://www.hibernate.org/dtd/hibernate-mapping-3.0.dtd">
<hibernate-mapping>
	<class name="customer" table="customer" optimistic-lock="version">
						<id name="id" type="java.lang.String" length="36" unsaved-value="null">
							<generator class="uuid" />
						</id>
					
					<property name="customer_no"
								type="java.lang.String"
 access="property">
						<column name="customer_no" 
							                               
length="32"
							
							not-null="false" unique="false">
							<comment>customer number</comment>
						</column>
					</property>
					<property name="create_by"
								type="java.lang.String"
 access="property">
						<column name="create_by" 
							                               
length="50"
							
							not-null="false" unique="false">
							<comment>创建人</comment>
						</column>
					</property>
					<property name="create_time"
									type="java.util.Date"
 access="property">
						<column name="create_time" 
							                               
length="20"
							
							not-null="false" unique="false">
							<comment>创建日期</comment>
						</column>
					</property>
					<property name="update_by"
								type="java.lang.String"
 access="property">
						<column name="update_by" 
							                               
length="50"
							
							not-null="false" unique="false">
							<comment>更新人</comment>
						</column>
					</property>
					<property name="update_time"
									type="java.util.Date"
 access="property">
						<column name="update_time" 
							                               
length="20"
							
							not-null="false" unique="false">
							<comment>更新日期</comment>
						</column>
					</property>
					<property name="sys_org_code"
								type="java.lang.String"
 access="property">
						<column name="sys_org_code" 
							                               
length="64"
							
							not-null="false" unique="false">
							<comment>所属部门</comment>
						</column>
					</property>
	</class>
	
	
	
	
	
	
</hibernate-mapping>
2020-02-06 12:13:40.462 [http-nio-8080-exec-9] INFO  org.hibernate.Version:46 - HHH000412: Hibernate Core {5.3.7.Final}
2020-02-06 12:13:40.465 [http-nio-8080-exec-9] INFO  org.hibernate.cfg.Environment:213 - HHH000206: hibernate.properties not found
2020-02-06 12:13:41.414 [http-nio-8080-exec-9] INFO  org.hibernate.annotations.common.Version:49 - HCANN000001: Hibernate Commons Annotations {5.0.4.Final}
2020-02-06 12:13:41.523 [http-nio-8080-exec-9] INFO  org.hibernate.dialect.Dialect:157 - HHH000400: Using dialect: org.hibernate.dialect.MySQL5InnoDBDialect
2020-02-06 12:13:41.541 [http-nio-8080-exec-9] INFO  o.h.engine.jdbc.env.internal.LobCreatorBuilderImpl:63 - HHH000422: Disabling contextual LOB creation as connection was null
2020-02-06 12:13:46.621 [http-nio-8080-exec-9] WARN  org.hibernate.id.UUIDHexGenerator:42 - HHH000409: Using org.hibernate.id.UUIDHexGenerator which does not generate IETF RFC 4122 compliant UUID values; consider using org.hibernate.id.UUIDGenerator instead
2020-02-06 12:13:46.630 [http-nio-8080-exec-9] INFO  org.hibernate.tool.hbm2ddl.SchemaExport:245 - HHH000227: Running hbm2ddl schema export
2020-02-06 12:13:46.640 [http-nio-8080-exec-9] WARN  org.hibernate.orm.connections.pooling:73 - HHH10001002: Using Hibernate built-in connection pool (not for production use!)
2020-02-06 12:13:46.641 [http-nio-8080-exec-9] INFO  org.hibernate.orm.connections.pooling:129 - HHH10001005: using driver [com.mysql.jdbc.Driver] at URL [jdbc:mysql://127.0.0.1:3306/jeecg-boot?characterEncoding=UTF-8&useUnicode=true&useSSL=false]
2020-02-06 12:13:46.641 [http-nio-8080-exec-9] INFO  org.hibernate.orm.connections.pooling:138 - HHH10001001: Connection properties: {user=root, password=****}
2020-02-06 12:13:46.642 [http-nio-8080-exec-9] INFO  org.hibernate.orm.connections.pooling:143 - HHH10001003: Autocommit mode: false
2020-02-06 12:13:46.645 [http-nio-8080-exec-9] INFO  o.h.e.j.c.i.DriverManagerConnectionProviderImpl:281 - HHH000115: Hibernate connection pool size: 20 (min=1)
2020-02-06 12:13:46.659 [http-nio-8080-exec-9] INFO  org.hibernate.orm.connections.access:47 - HHH10001501: Connection obtained from JdbcConnectionAccess [org.hibernate.engine.jdbc.env.internal.JdbcEnvironmentInitiator$ConnectionProviderJdbcConnectionAccess@961e026] for (non-JTA) DDL execution was not in auto-commit mode; the Connection 'local transaction' will be committed and the Connection will be set into auto-commit mode.
2020-02-06 12:13:46.671 [http-nio-8080-exec-9] INFO  org.hibernate.orm.connections.access:47 - HHH10001501: Connection obtained from JdbcConnectionAccess [org.hibernate.engine.jdbc.env.internal.JdbcEnvironmentInitiator$ConnectionProviderJdbcConnectionAccess@26b6ae4b] for (non-JTA) DDL execution was not in auto-commit mode; the Connection 'local transaction' will be committed and the Connection will be set into auto-commit mode.
2020-02-06 12:13:46.694 [http-nio-8080-exec-9] INFO  o.hibernate.tool.schema.internal.SchemaCreatorImpl:489 - HHH000476: Executing import script 'org.hibernate.tool.schema.internal.exec.ScriptSourceInputNonExistentImpl@35bbafff'
2020-02-06 12:13:46.710 [http-nio-8080-exec-9] INFO  org.jeecg.modules.online.cgform.a.a:601 - ==同步数据库消耗时间6507毫秒
2020-02-06 12:13:46.763 [http-nio-8080-exec-10] INFO  org.jeecg.modules.shiro.authc.ShiroRealm:118 - ———校验token是否有效————checkUserTokenIsEffect——————— eyJ0eXAiOiJKV1QiLCJhbGciOiJIUzI1NiJ9.eyJleHAiOjE1ODA5NjQwNTIsInVzZXJuYW1lIjoiYWRtaW4ifQ.n8UpfNmqsRtw2lBCrgIkPonLbtLwiGa6kUU2VXYDa6Q
2020-02-06 12:13:46.768 [http-nio-8080-exec-10] INFO  org.jeecg.common.system.query.QueryGenerator:389 - --查询规则-->copy_type = 0
2020-02-06 12:15:19.620 [http-nio-8080-exec-8] ERROR org.apache.tomcat.websocket.pojo.PojoEndpointBase:175 - No error handling configured for [org.jeecg.modules.message.websocket.WebSocket] and the following error occurred
java.io.EOFException: null
	at org.apache.tomcat.util.net.NioEndpoint$NioSocketWrapper.fillReadBuffer(NioEndpoint.java:1206)
	at org.apache.tomcat.util.net.NioEndpoint$NioSocketWrapper.read(NioEndpoint.java:1140)
	at org.apache.tomcat.websocket.server.WsFrameServer.onDataAvailable(WsFrameServer.java:72)
	at org.apache.tomcat.websocket.server.WsFrameServer.doOnDataAvailable(WsFrameServer.java:171)
	at org.apache.tomcat.websocket.server.WsFrameServer.notifyDataAvailable(WsFrameServer.java:151)
	at org.apache.tomcat.websocket.server.WsHttpUpgradeHandler.upgradeDispatch(WsHttpUpgradeHandler.java:148)
	at org.apache.coyote.http11.upgrade.UpgradeProcessorInternal.dispatch(UpgradeProcessorInternal.java:54)
	at org.apache.coyote.AbstractProcessorLight.process(AbstractProcessorLight.java:53)
	at org.apache.coyote.AbstractProtocol$ConnectionHandler.process(AbstractProtocol.java:834)
	at org.apache.tomcat.util.net.NioEndpoint$SocketProcessor.doRun(NioEndpoint.java:1415)
	at org.apache.tomcat.util.net.SocketProcessorBase.run(SocketProcessorBase.java:49)
	at java.util.concurrent.ThreadPoolExecutor.runWorker(ThreadPoolExecutor.java:1149)
	at java.util.concurrent.ThreadPoolExecutor$Worker.run(ThreadPoolExecutor.java:624)
	at org.apache.tomcat.util.threads.TaskThread$WrappingRunnable.run(TaskThread.java:61)
	at java.lang.Thread.run(Thread.java:748)
2020-02-06 12:15:19.631 [http-nio-8080-exec-8] INFO  org.jeecg.modules.message.websocket.WebSocket:50 - 【websocket消息】连接断开，总数为:0
2020-02-06 12:15:24.962 [http-nio-8080-exec-6] INFO  org.jeecg.modules.message.websocket.WebSocket:41 - 【websocket消息】有新的连接，总数为:1
2020-02-06 12:51:32.578 [http-nio-8080-exec-7] ERROR org.apache.tomcat.websocket.pojo.PojoEndpointBase:175 - No error handling configured for [org.jeecg.modules.message.websocket.WebSocket] and the following error occurred
java.io.EOFException: null
	at org.apache.tomcat.util.net.NioEndpoint$NioSocketWrapper.fillReadBuffer(NioEndpoint.java:1206)
	at org.apache.tomcat.util.net.NioEndpoint$NioSocketWrapper.read(NioEndpoint.java:1140)
	at org.apache.tomcat.websocket.server.WsFrameServer.onDataAvailable(WsFrameServer.java:72)
	at org.apache.tomcat.websocket.server.WsFrameServer.doOnDataAvailable(WsFrameServer.java:171)
	at org.apache.tomcat.websocket.server.WsFrameServer.notifyDataAvailable(WsFrameServer.java:151)
	at org.apache.tomcat.websocket.server.WsHttpUpgradeHandler.upgradeDispatch(WsHttpUpgradeHandler.java:148)
	at org.apache.coyote.http11.upgrade.UpgradeProcessorInternal.dispatch(UpgradeProcessorInternal.java:54)
	at org.apache.coyote.AbstractProcessorLight.process(AbstractProcessorLight.java:53)
	at org.apache.coyote.AbstractProtocol$ConnectionHandler.process(AbstractProtocol.java:834)
	at org.apache.tomcat.util.net.NioEndpoint$SocketProcessor.doRun(NioEndpoint.java:1415)
	at org.apache.tomcat.util.net.SocketProcessorBase.run(SocketProcessorBase.java:49)
	at java.util.concurrent.ThreadPoolExecutor.runWorker(ThreadPoolExecutor.java:1149)
	at java.util.concurrent.ThreadPoolExecutor$Worker.run(ThreadPoolExecutor.java:624)
	at org.apache.tomcat.util.threads.TaskThread$WrappingRunnable.run(TaskThread.java:61)
	at java.lang.Thread.run(Thread.java:748)
2020-02-06 12:51:32.580 [http-nio-8080-exec-7] INFO  org.jeecg.modules.message.websocket.WebSocket:50 - 【websocket消息】连接断开，总数为:0
2020-02-06 12:51:37.746 [http-nio-8080-exec-5] INFO  org.jeecg.modules.message.websocket.WebSocket:41 - 【websocket消息】有新的连接，总数为:1
2020-02-06 13:28:00.402 [http-nio-8080-exec-3] INFO  org.jeecg.modules.shiro.authc.ShiroRealm:118 - ———校验token是否有效————checkUserTokenIsEffect——————— eyJ0eXAiOiJKV1QiLCJhbGciOiJIUzI1NiJ9.eyJleHAiOjE1ODA5NjQwNTIsInVzZXJuYW1lIjoiYWRtaW4ifQ.n8UpfNmqsRtw2lBCrgIkPonLbtLwiGa6kUU2VXYDa6Q
2020-02-06 13:28:00.402 [http-nio-8080-exec-2] INFO  org.jeecg.modules.shiro.authc.ShiroRealm:118 - ———校验token是否有效————checkUserTokenIsEffect——————— eyJ0eXAiOiJKV1QiLCJhbGciOiJIUzI1NiJ9.eyJleHAiOjE1ODA5NjQwNTIsInVzZXJuYW1lIjoiYWRtaW4ifQ.n8UpfNmqsRtw2lBCrgIkPonLbtLwiGa6kUU2VXYDa6Q
2020-02-06 13:28:00.414 [http-nio-8080-exec-3] ERROR o.a.c.c.C.[.[.[/jeecg-boot].[dispatcherServlet]:175 - Servlet.service() for servlet [dispatcherServlet] in context with path [/jeecg-boot] threw exception [org.apache.shiro.authc.AuthenticationException: Token失效，请重新登录] with root cause
org.apache.shiro.authc.AuthenticationException: Token失效，请重新登录!
	at org.jeecg.modules.shiro.authc.ShiroRealm.checkUserTokenIsEffect(ShiroRealm.java:129)
	at org.jeecg.modules.shiro.authc.ShiroRealm.doGetAuthenticationInfo(ShiroRealm.java:101)
	at org.apache.shiro.realm.AuthenticatingRealm.getAuthenticationInfo(AuthenticatingRealm.java:571)
	at org.apache.shiro.authc.pam.ModularRealmAuthenticator.doSingleRealmAuthentication(ModularRealmAuthenticator.java:180)
	at org.apache.shiro.authc.pam.ModularRealmAuthenticator.doAuthenticate(ModularRealmAuthenticator.java:267)
	at org.apache.shiro.authc.AbstractAuthenticator.authenticate(AbstractAuthenticator.java:198)
	at org.apache.shiro.mgt.AuthenticatingSecurityManager.authenticate(AuthenticatingSecurityManager.java:106)
	at org.apache.shiro.mgt.DefaultSecurityManager.login(DefaultSecurityManager.java:274)
	at org.apache.shiro.subject.support.DelegatingSubject.login(DelegatingSubject.java:260)
	at org.jeecg.modules.shiro.authc.aop.JwtFilter.executeLogin(JwtFilter.java:51)
	at org.jeecg.modules.shiro.authc.aop.JwtFilter.isAccessAllowed(JwtFilter.java:34)
	at org.apache.shiro.web.filter.AccessControlFilter.onPreHandle(AccessControlFilter.java:162)
	at org.apache.shiro.web.filter.PathMatchingFilter.isFilterChainContinued(PathMatchingFilter.java:203)
	at org.apache.shiro.web.filter.PathMatchingFilter.preHandle(PathMatchingFilter.java:178)
	at org.jeecg.modules.shiro.authc.aop.JwtFilter.preHandle(JwtFilter.java:71)
	at org.apache.shiro.web.servlet.AdviceFilter.doFilterInternal(AdviceFilter.java:131)
	at org.apache.shiro.web.servlet.OncePerRequestFilter.doFilter(OncePerRequestFilter.java:125)
	at org.apache.shiro.web.servlet.ProxiedFilterChain.doFilter(ProxiedFilterChain.java:66)
	at org.apache.shiro.web.servlet.AbstractShiroFilter.executeChain(AbstractShiroFilter.java:449)
	at org.apache.shiro.web.servlet.AbstractShiroFilter$1.call(AbstractShiroFilter.java:365)
	at org.apache.shiro.subject.support.SubjectCallable.doCall(SubjectCallable.java:90)
	at org.apache.shiro.subject.support.SubjectCallable.call(SubjectCallable.java:83)
	at org.apache.shiro.subject.support.DelegatingSubject.execute(DelegatingSubject.java:387)
	at org.apache.shiro.web.servlet.AbstractShiroFilter.doFilterInternal(AbstractShiroFilter.java:362)
	at org.apache.shiro.web.servlet.OncePerRequestFilter.doFilter(OncePerRequestFilter.java:125)
	at org.apache.catalina.core.ApplicationFilterChain.internalDoFilter(ApplicationFilterChain.java:193)
	at org.apache.catalina.core.ApplicationFilterChain.doFilter(ApplicationFilterChain.java:166)
	at com.alibaba.druid.support.http.WebStatFilter.doFilter(WebStatFilter.java:124)
	at org.apache.catalina.core.ApplicationFilterChain.internalDoFilter(ApplicationFilterChain.java:193)
	at org.apache.catalina.core.ApplicationFilterChain.doFilter(ApplicationFilterChain.java:166)
	at org.springframework.boot.actuate.web.trace.servlet.HttpTraceFilter.doFilterInternal(HttpTraceFilter.java:90)
	at org.springframework.web.filter.OncePerRequestFilter.doFilter(OncePerRequestFilter.java:107)
	at org.apache.catalina.core.ApplicationFilterChain.internalDoFilter(ApplicationFilterChain.java:193)
	at org.apache.catalina.core.ApplicationFilterChain.doFilter(ApplicationFilterChain.java:166)
	at org.springframework.web.filter.RequestContextFilter.doFilterInternal(RequestContextFilter.java:99)
	at org.springframework.web.filter.OncePerRequestFilter.doFilter(OncePerRequestFilter.java:107)
	at org.apache.catalina.core.ApplicationFilterChain.internalDoFilter(ApplicationFilterChain.java:193)
	at org.apache.catalina.core.ApplicationFilterChain.doFilter(ApplicationFilterChain.java:166)
	at org.springframework.web.filter.FormContentFilter.doFilterInternal(FormContentFilter.java:92)
	at org.springframework.web.filter.OncePerRequestFilter.doFilter(OncePerRequestFilter.java:107)
	at org.apache.catalina.core.ApplicationFilterChain.internalDoFilter(ApplicationFilterChain.java:193)
	at org.apache.catalina.core.ApplicationFilterChain.doFilter(ApplicationFilterChain.java:166)
	at org.springframework.web.filter.HiddenHttpMethodFilter.doFilterInternal(HiddenHttpMethodFilter.java:93)
	at org.springframework.web.filter.OncePerRequestFilter.doFilter(OncePerRequestFilter.java:107)
	at org.apache.catalina.core.ApplicationFilterChain.internalDoFilter(ApplicationFilterChain.java:193)
	at org.apache.catalina.core.ApplicationFilterChain.doFilter(ApplicationFilterChain.java:166)
	at org.springframework.boot.actuate.metrics.web.servlet.WebMvcMetricsFilter.filterAndRecordMetrics(WebMvcMetricsFilter.java:117)
	at org.springframework.boot.actuate.metrics.web.servlet.WebMvcMetricsFilter.doFilterInternal(WebMvcMetricsFilter.java:106)
	at org.springframework.web.filter.OncePerRequestFilter.doFilter(OncePerRequestFilter.java:107)
	at org.apache.catalina.core.ApplicationFilterChain.internalDoFilter(ApplicationFilterChain.java:193)
	at org.apache.catalina.core.ApplicationFilterChain.doFilter(ApplicationFilterChain.java:166)
	at org.springframework.web.filter.CharacterEncodingFilter.doFilterInternal(CharacterEncodingFilter.java:200)
	at org.springframework.web.filter.OncePerRequestFilter.doFilter(OncePerRequestFilter.java:107)
	at org.apache.catalina.core.ApplicationFilterChain.internalDoFilter(ApplicationFilterChain.java:193)
	at org.apache.catalina.core.ApplicationFilterChain.doFilter(ApplicationFilterChain.java:166)
	at org.apache.catalina.core.StandardWrapperValve.invoke(StandardWrapperValve.java:200)
	at org.apache.catalina.core.StandardContextValve.invoke(StandardContextValve.java:96)
	at org.apache.catalina.authenticator.AuthenticatorBase.invoke(AuthenticatorBase.java:490)
	at org.apache.catalina.core.StandardHostValve.invoke(StandardHostValve.java:139)
	at org.apache.catalina.valves.ErrorReportValve.invoke(ErrorReportValve.java:92)
	at org.apache.catalina.core.StandardEngineValve.invoke(StandardEngineValve.java:74)
	at org.apache.catalina.connector.CoyoteAdapter.service(CoyoteAdapter.java:343)
	at org.apache.coyote.http11.Http11Processor.service(Http11Processor.java:408)
	at org.apache.coyote.AbstractProcessorLight.process(AbstractProcessorLight.java:66)
	at org.apache.coyote.AbstractProtocol$ConnectionHandler.process(AbstractProtocol.java:834)
	at org.apache.tomcat.util.net.NioEndpoint$SocketProcessor.doRun(NioEndpoint.java:1415)
	at org.apache.tomcat.util.net.SocketProcessorBase.run(SocketProcessorBase.java:49)
	at java.util.concurrent.ThreadPoolExecutor.runWorker(ThreadPoolExecutor.java:1149)
	at java.util.concurrent.ThreadPoolExecutor$Worker.run(ThreadPoolExecutor.java:624)
	at org.apache.tomcat.util.threads.TaskThread$WrappingRunnable.run(TaskThread.java:61)
	at java.lang.Thread.run(Thread.java:748)
2020-02-06 13:28:00.414 [http-nio-8080-exec-2] ERROR o.a.c.c.C.[.[.[/jeecg-boot].[dispatcherServlet]:175 - Servlet.service() for servlet [dispatcherServlet] in context with path [/jeecg-boot] threw exception [org.apache.shiro.authc.AuthenticationException: Token失效，请重新登录] with root cause
org.apache.shiro.authc.AuthenticationException: Token失效，请重新登录!
	at org.jeecg.modules.shiro.authc.ShiroRealm.checkUserTokenIsEffect(ShiroRealm.java:129)
	at org.jeecg.modules.shiro.authc.ShiroRealm.doGetAuthenticationInfo(ShiroRealm.java:101)
	at org.apache.shiro.realm.AuthenticatingRealm.getAuthenticationInfo(AuthenticatingRealm.java:571)
	at org.apache.shiro.authc.pam.ModularRealmAuthenticator.doSingleRealmAuthentication(ModularRealmAuthenticator.java:180)
	at org.apache.shiro.authc.pam.ModularRealmAuthenticator.doAuthenticate(ModularRealmAuthenticator.java:267)
	at org.apache.shiro.authc.AbstractAuthenticator.authenticate(AbstractAuthenticator.java:198)
	at org.apache.shiro.mgt.AuthenticatingSecurityManager.authenticate(AuthenticatingSecurityManager.java:106)
	at org.apache.shiro.mgt.DefaultSecurityManager.login(DefaultSecurityManager.java:274)
	at org.apache.shiro.subject.support.DelegatingSubject.login(DelegatingSubject.java:260)
	at org.jeecg.modules.shiro.authc.aop.JwtFilter.executeLogin(JwtFilter.java:51)
	at org.jeecg.modules.shiro.authc.aop.JwtFilter.isAccessAllowed(JwtFilter.java:34)
	at org.apache.shiro.web.filter.AccessControlFilter.onPreHandle(AccessControlFilter.java:162)
	at org.apache.shiro.web.filter.PathMatchingFilter.isFilterChainContinued(PathMatchingFilter.java:203)
	at org.apache.shiro.web.filter.PathMatchingFilter.preHandle(PathMatchingFilter.java:178)
	at org.jeecg.modules.shiro.authc.aop.JwtFilter.preHandle(JwtFilter.java:71)
	at org.apache.shiro.web.servlet.AdviceFilter.doFilterInternal(AdviceFilter.java:131)
	at org.apache.shiro.web.servlet.OncePerRequestFilter.doFilter(OncePerRequestFilter.java:125)
	at org.apache.shiro.web.servlet.ProxiedFilterChain.doFilter(ProxiedFilterChain.java:66)
	at org.apache.shiro.web.servlet.AbstractShiroFilter.executeChain(AbstractShiroFilter.java:449)
	at org.apache.shiro.web.servlet.AbstractShiroFilter$1.call(AbstractShiroFilter.java:365)
	at org.apache.shiro.subject.support.SubjectCallable.doCall(SubjectCallable.java:90)
	at org.apache.shiro.subject.support.SubjectCallable.call(SubjectCallable.java:83)
	at org.apache.shiro.subject.support.DelegatingSubject.execute(DelegatingSubject.java:387)
	at org.apache.shiro.web.servlet.AbstractShiroFilter.doFilterInternal(AbstractShiroFilter.java:362)
	at org.apache.shiro.web.servlet.OncePerRequestFilter.doFilter(OncePerRequestFilter.java:125)
	at org.apache.catalina.core.ApplicationFilterChain.internalDoFilter(ApplicationFilterChain.java:193)
	at org.apache.catalina.core.ApplicationFilterChain.doFilter(ApplicationFilterChain.java:166)
	at com.alibaba.druid.support.http.WebStatFilter.doFilter(WebStatFilter.java:124)
	at org.apache.catalina.core.ApplicationFilterChain.internalDoFilter(ApplicationFilterChain.java:193)
	at org.apache.catalina.core.ApplicationFilterChain.doFilter(ApplicationFilterChain.java:166)
	at org.springframework.boot.actuate.web.trace.servlet.HttpTraceFilter.doFilterInternal(HttpTraceFilter.java:90)
	at org.springframework.web.filter.OncePerRequestFilter.doFilter(OncePerRequestFilter.java:107)
	at org.apache.catalina.core.ApplicationFilterChain.internalDoFilter(ApplicationFilterChain.java:193)
	at org.apache.catalina.core.ApplicationFilterChain.doFilter(ApplicationFilterChain.java:166)
	at org.springframework.web.filter.RequestContextFilter.doFilterInternal(RequestContextFilter.java:99)
	at org.springframework.web.filter.OncePerRequestFilter.doFilter(OncePerRequestFilter.java:107)
	at org.apache.catalina.core.ApplicationFilterChain.internalDoFilter(ApplicationFilterChain.java:193)
	at org.apache.catalina.core.ApplicationFilterChain.doFilter(ApplicationFilterChain.java:166)
	at org.springframework.web.filter.FormContentFilter.doFilterInternal(FormContentFilter.java:92)
	at org.springframework.web.filter.OncePerRequestFilter.doFilter(OncePerRequestFilter.java:107)
	at org.apache.catalina.core.ApplicationFilterChain.internalDoFilter(ApplicationFilterChain.java:193)
	at org.apache.catalina.core.ApplicationFilterChain.doFilter(ApplicationFilterChain.java:166)
	at org.springframework.web.filter.HiddenHttpMethodFilter.doFilterInternal(HiddenHttpMethodFilter.java:93)
	at org.springframework.web.filter.OncePerRequestFilter.doFilter(OncePerRequestFilter.java:107)
	at org.apache.catalina.core.ApplicationFilterChain.internalDoFilter(ApplicationFilterChain.java:193)
	at org.apache.catalina.core.ApplicationFilterChain.doFilter(ApplicationFilterChain.java:166)
	at org.springframework.boot.actuate.metrics.web.servlet.WebMvcMetricsFilter.filterAndRecordMetrics(WebMvcMetricsFilter.java:117)
	at org.springframework.boot.actuate.metrics.web.servlet.WebMvcMetricsFilter.doFilterInternal(WebMvcMetricsFilter.java:106)
	at org.springframework.web.filter.OncePerRequestFilter.doFilter(OncePerRequestFilter.java:107)
	at org.apache.catalina.core.ApplicationFilterChain.internalDoFilter(ApplicationFilterChain.java:193)
	at org.apache.catalina.core.ApplicationFilterChain.doFilter(ApplicationFilterChain.java:166)
	at org.springframework.web.filter.CharacterEncodingFilter.doFilterInternal(CharacterEncodingFilter.java:200)
	at org.springframework.web.filter.OncePerRequestFilter.doFilter(OncePerRequestFilter.java:107)
	at org.apache.catalina.core.ApplicationFilterChain.internalDoFilter(ApplicationFilterChain.java:193)
	at org.apache.catalina.core.ApplicationFilterChain.doFilter(ApplicationFilterChain.java:166)
	at org.apache.catalina.core.StandardWrapperValve.invoke(StandardWrapperValve.java:200)
	at org.apache.catalina.core.StandardContextValve.invoke(StandardContextValve.java:96)
	at org.apache.catalina.authenticator.AuthenticatorBase.invoke(AuthenticatorBase.java:490)
	at org.apache.catalina.core.StandardHostValve.invoke(StandardHostValve.java:139)
	at org.apache.catalina.valves.ErrorReportValve.invoke(ErrorReportValve.java:92)
	at org.apache.catalina.core.StandardEngineValve.invoke(StandardEngineValve.java:74)
	at org.apache.catalina.connector.CoyoteAdapter.service(CoyoteAdapter.java:343)
	at org.apache.coyote.http11.Http11Processor.service(Http11Processor.java:408)
	at org.apache.coyote.AbstractProcessorLight.process(AbstractProcessorLight.java:66)
	at org.apache.coyote.AbstractProtocol$ConnectionHandler.process(AbstractProtocol.java:834)
	at org.apache.tomcat.util.net.NioEndpoint$SocketProcessor.doRun(NioEndpoint.java:1415)
	at org.apache.tomcat.util.net.SocketProcessorBase.run(SocketProcessorBase.java:49)
	at java.util.concurrent.ThreadPoolExecutor.runWorker(ThreadPoolExecutor.java:1149)
	at java.util.concurrent.ThreadPoolExecutor$Worker.run(ThreadPoolExecutor.java:624)
	at org.apache.tomcat.util.threads.TaskThread$WrappingRunnable.run(TaskThread.java:61)
	at java.lang.Thread.run(Thread.java:748)
2020-02-06 13:28:06.960 [http-nio-8080-exec-5] INFO  org.jeecg.modules.message.websocket.WebSocket:50 - 【websocket消息】连接断开，总数为:0
2020-02-06 13:28:17.858 [http-nio-8080-exec-9] DEBUG o.j.m.system.mapper.SysUserMapper.getUserByName:143 - ==>  Preparing: select * from sys_user where username = ? and del_flag = '0' 
2020-02-06 13:28:17.859 [http-nio-8080-exec-9] DEBUG o.j.m.system.mapper.SysUserMapper.getUserByName:143 - ==> Parameters: admin(String)
2020-02-06 13:28:17.861 [http-nio-8080-exec-9] DEBUG o.j.m.system.mapper.SysUserMapper.getUserByName:143 - <==      Total: 1
2020-02-06 13:28:17.865 [http-nio-8080-exec-9] DEBUG o.j.m.s.mapper.SysDepartMapper.queryUserDeparts:143 - ==>  Preparing: select * from sys_depart where id IN ( select dep_id from sys_user_depart where user_id = ? ) 
2020-02-06 13:28:17.866 [http-nio-8080-exec-9] DEBUG o.j.m.s.mapper.SysDepartMapper.queryUserDeparts:143 - ==> Parameters: e9ca23d68d884d4ebb19d07889727dae(String)
2020-02-06 13:28:17.869 [http-nio-8080-exec-9] DEBUG o.j.m.s.mapper.SysDepartMapper.queryUserDeparts:143 - <==      Total: 1
2020-02-06 13:28:17.871 [http-nio-8080-exec-9] DEBUG o.j.m.system.mapper.SysUserMapper.updateUserDepart:143 - ==>  Preparing: UPDATE sys_user SET org_code = ? where username = ? 
2020-02-06 13:28:17.872 [http-nio-8080-exec-9] DEBUG o.j.m.system.mapper.SysUserMapper.updateUserDepart:143 - ==> Parameters: A01(String), admin(String)
2020-02-06 13:28:17.874 [http-nio-8080-exec-9] DEBUG o.j.m.system.mapper.SysUserMapper.updateUserDepart:143 - <==    Updates: 1
2020-02-06 13:28:17.878 [http-nio-8080-exec-9] DEBUG o.jeecg.modules.system.mapper.SysLogMapper.insert:143 - ==>  Preparing: INSERT INTO sys_log ( id, create_time, ip, log_content, log_type ) VALUES ( ?, ?, ?, ?, ? ) 
2020-02-06 13:28:17.879 [http-nio-8080-exec-9] DEBUG o.jeecg.modules.system.mapper.SysLogMapper.insert:143 - ==> Parameters: 1225290094093467650(String), 2020-02-06 13:28:17.877(Timestamp), 127.0.0.1(String), 用户名: admin,登录成功！(String), 1(Integer)
2020-02-06 13:28:17.880 [http-nio-8080-exec-9] DEBUG o.jeecg.modules.system.mapper.SysLogMapper.insert:143 - <==    Updates: 1
2020-02-06 13:28:17.898 [http-nio-8080-exec-8] INFO  org.jeecg.modules.shiro.authc.ShiroRealm:118 - ———校验token是否有效————checkUserTokenIsEffect——————— eyJ0eXAiOiJKV1QiLCJhbGciOiJIUzI1NiJ9.eyJleHAiOjE1ODA5Njg2OTcsInVzZXJuYW1lIjoiYWRtaW4ifQ.Q3Dha2G0vtkGWdzffBJybEgfBCu9qTxYeNMzGUI8hpA
2020-02-06 13:28:17.902 [http-nio-8080-exec-8] DEBUG o.j.m.system.mapper.SysUserMapper.getUserByName:143 - ==>  Preparing: select * from sys_user where username = ? and del_flag = '0' 
2020-02-06 13:28:17.902 [http-nio-8080-exec-8] DEBUG o.j.m.system.mapper.SysUserMapper.getUserByName:143 - ==> Parameters: admin(String)
2020-02-06 13:28:17.904 [http-nio-8080-exec-8] DEBUG o.j.m.system.mapper.SysUserMapper.getUserByName:143 - <==      Total: 1
2020-02-06 13:28:17.909 [http-nio-8080-exec-8] INFO  o.j.m.system.controller.SysPermissionController:182 -  ------ 通过令牌获取用户拥有的访问菜单 ---- TOKEN ------ eyJ0eXAiOiJKV1QiLCJhbGciOiJIUzI1NiJ9.eyJleHAiOjE1ODA5Njg2OTcsInVzZXJuYW1lIjoiYWRtaW4ifQ.Q3Dha2G0vtkGWdzffBJybEgfBCu9qTxYeNMzGUI8hpA
2020-02-06 13:28:17.911 [http-nio-8080-exec-8] DEBUG o.j.m.s.mapper.SysPermissionMapper.queryByUser:143 - ==>  Preparing: SELECT p.* FROM sys_permission p WHERE exists( select a.id from sys_role_permission a join sys_role b on a.role_id = b.id join sys_user_role c on c.role_id = b.id join sys_user d on d.id = c.user_id where p.id = a.permission_id AND d.username = ? ) and p.del_flag = 0 order by p.sort_no ASC 
2020-02-06 13:28:17.912 [http-nio-8080-exec-8] DEBUG o.j.m.s.mapper.SysPermissionMapper.queryByUser:143 - ==> Parameters: admin(String)
2020-02-06 13:28:17.927 [http-nio-8080-exec-8] DEBUG o.j.m.s.mapper.SysPermissionMapper.queryByUser:143 - <==      Total: 102
2020-02-06 13:28:17.933 [http-nio-8080-exec-8] DEBUG o.j.m.system.mapper.SysPermissionMapper.selectList:143 - ==>  Preparing: SELECT id,parent_id,name,perms,perms_type,icon,component,component_name,url,redirect,sort_no,menu_type,is_leaf AS leaf,is_route AS route,keep_alive,description,create_by,del_flag,rule_flag,hidden,create_time,update_by,update_time,status,always_show,internal_or_external FROM sys_permission WHERE del_flag = ? AND menu_type = ? 
2020-02-06 13:28:17.934 [http-nio-8080-exec-8] DEBUG o.j.m.system.mapper.SysPermissionMapper.selectList:143 - ==> Parameters: 0(Integer), 2(Integer)
2020-02-06 13:28:17.936 [http-nio-8080-exec-8] DEBUG o.j.m.system.mapper.SysPermissionMapper.selectList:143 - <==      Total: 3
2020-02-06 13:28:18.492 [http-nio-8080-exec-6] INFO  org.jeecg.modules.message.websocket.WebSocket:41 - 【websocket消息】有新的连接，总数为:1
2020-02-06 13:28:18.530 [http-nio-8080-exec-3] ERROR o.jeecg.common.system.controller.CommonController:119 - 预览图片失败D:/upFiles/user/20190119/logo-2_1547868176839.png (No such file or directory)
2020-02-06 13:28:18.595 [http-nio-8080-exec-1] INFO  org.jeecg.modules.shiro.authc.ShiroRealm:118 - ———校验token是否有效————checkUserTokenIsEffect——————— eyJ0eXAiOiJKV1QiLCJhbGciOiJIUzI1NiJ9.eyJleHAiOjE1ODA5Njg2OTcsInVzZXJuYW1lIjoiYWRtaW4ifQ.Q3Dha2G0vtkGWdzffBJybEgfBCu9qTxYeNMzGUI8hpA
2020-02-06 13:28:18.595 [http-nio-8080-exec-2] INFO  org.jeecg.modules.shiro.authc.ShiroRealm:118 - ———校验token是否有效————checkUserTokenIsEffect——————— eyJ0eXAiOiJKV1QiLCJhbGciOiJIUzI1NiJ9.eyJleHAiOjE1ODA5Njg2OTcsInVzZXJuYW1lIjoiYWRtaW4ifQ.Q3Dha2G0vtkGWdzffBJybEgfBCu9qTxYeNMzGUI8hpA
2020-02-06 13:28:18.600 [http-nio-8080-exec-2] INFO  org.jeecg.common.system.query.QueryGenerator:389 - --查询规则-->copy_type = 0
2020-02-06 13:28:18.600 [http-nio-8080-exec-1] INFO  o.j.modules.system.controller.SysDictController:130 -  dictCode : cgform_table_type
2020-02-06 13:28:18.602 [http-nio-8080-exec-1] INFO  o.j.modules.system.controller.SysDictController:163 - Result(success=true, message=操作成功！, code=0, result=[DictModel(value=1, text=单表), DictModel(value=2, text=主表), DictModel(value=3, text=附表)], timestamp=1580966898600)
2020-02-06 13:28:18.605 [http-nio-8080-exec-4] INFO  org.jeecg.modules.shiro.authc.ShiroRealm:118 - ———校验token是否有效————checkUserTokenIsEffect——————— eyJ0eXAiOiJKV1QiLCJhbGciOiJIUzI1NiJ9.eyJleHAiOjE1ODA5Njg2OTcsInVzZXJuYW1lIjoiYWRtaW4ifQ.Q3Dha2G0vtkGWdzffBJybEgfBCu9qTxYeNMzGUI8hpA
2020-02-06 13:28:18.609 [http-nio-8080-exec-7] INFO  org.jeecg.modules.shiro.authc.ShiroRealm:118 - ———校验token是否有效————checkUserTokenIsEffect——————— eyJ0eXAiOiJKV1QiLCJhbGciOiJIUzI1NiJ9.eyJleHAiOjE1ODA5Njg2OTcsInVzZXJuYW1lIjoiYWRtaW4ifQ.Q3Dha2G0vtkGWdzffBJybEgfBCu9qTxYeNMzGUI8hpA
2020-02-06 13:28:18.610 [http-nio-8080-exec-4] DEBUG o.j.m.s.m.SysAnnouncementSendMapper.queryByUserId:143 - ==>  Preparing: select sas.annt_id from sys_announcement_send sas where sas.user_id = ? 
2020-02-06 13:28:18.611 [http-nio-8080-exec-4] DEBUG o.j.m.s.m.SysAnnouncementSendMapper.queryByUserId:143 - ==> Parameters: e9ca23d68d884d4ebb19d07889727dae(String)
2020-02-06 13:28:18.612 [http-nio-8080-exec-4] DEBUG o.j.m.s.m.SysAnnouncementSendMapper.queryByUserId:143 - <==      Total: 1
2020-02-06 13:28:18.614 [http-nio-8080-exec-7] INFO  o.j.modules.system.controller.SysDictController:130 -  dictCode : cgform_table_type
2020-02-06 13:28:18.614 [http-nio-8080-exec-4] DEBUG o.j.m.s.mapper.SysAnnouncementMapper.selectList:143 - ==>  Preparing: SELECT id,titile,msg_content,start_time,end_time,sender,priority,msg_category,msg_type,send_status,send_time,cancel_time,del_flag,create_by,create_time,update_by,update_time,user_ids FROM sys_announcement WHERE msg_type = ? AND del_flag = ? AND send_status = ? AND end_time >= ? AND id NOT IN (?) 
2020-02-06 13:28:18.615 [http-nio-8080-exec-7] INFO  o.j.modules.system.controller.SysDictController:163 - Result(success=true, message=操作成功！, code=0, result=[DictModel(value=1, text=单表), DictModel(value=2, text=主表), DictModel(value=3, text=附表)], timestamp=1580966898614)
2020-02-06 13:28:18.615 [http-nio-8080-exec-4] DEBUG o.j.m.s.mapper.SysAnnouncementMapper.selectList:143 - ==> Parameters: ALL(String), 0(String), 1(String), 2038-06-21 17:54:10.0(Timestamp), 93a9060a1c20e4bf98b3f768a02c2ff9(String)
2020-02-06 13:28:18.617 [http-nio-8080-exec-4] DEBUG o.j.m.s.mapper.SysAnnouncementMapper.selectList:143 - <==      Total: 0
2020-02-06 13:28:18.620 [http-nio-8080-exec-4] DEBUG o.j.m.s.m.S.querySysCementListByUserId:143 - ==>  Preparing: SELECT COUNT(1) FROM sys_announcement WHERE send_status = '1' AND del_flag = '0' AND msg_category = ? AND id IN (SELECT annt_id FROM sys_announcement_send WHERE user_id = ? AND read_flag = '0') 
2020-02-06 13:28:18.621 [http-nio-8080-exec-4] DEBUG o.j.m.s.m.S.querySysCementListByUserId:143 - ==> Parameters: 1(String), e9ca23d68d884d4ebb19d07889727dae(String)
2020-02-06 13:28:18.624 [http-nio-8080-exec-4] DEBUG o.j.m.s.m.S.querySysCementListByUserId:143 - ==>  Preparing: SELECT COUNT(1) FROM sys_announcement WHERE send_status = '1' AND del_flag = '0' AND msg_category = ? AND id IN (SELECT annt_id FROM sys_announcement_send WHERE user_id = ? AND read_flag = '0') 
2020-02-06 13:28:18.625 [http-nio-8080-exec-4] DEBUG o.j.m.s.m.S.querySysCementListByUserId:143 - ==> Parameters: 2(String), e9ca23d68d884d4ebb19d07889727dae(String)
2020-02-06 13:28:23.195 [http-nio-8080-exec-5] INFO  org.jeecg.modules.shiro.authc.ShiroRealm:118 - ———校验token是否有效————checkUserTokenIsEffect——————— eyJ0eXAiOiJKV1QiLCJhbGciOiJIUzI1NiJ9.eyJleHAiOjE1ODA5Njg2OTcsInVzZXJuYW1lIjoiYWRtaW4ifQ.Q3Dha2G0vtkGWdzffBJybEgfBCu9qTxYeNMzGUI8hpA
2020-02-06 13:28:27.585 [http-nio-8080-exec-10] INFO  org.jeecg.modules.shiro.authc.ShiroRealm:118 - ———校验token是否有效————checkUserTokenIsEffect——————— eyJ0eXAiOiJKV1QiLCJhbGciOiJIUzI1NiJ9.eyJleHAiOjE1ODA5Njg2OTcsInVzZXJuYW1lIjoiYWRtaW4ifQ.Q3Dha2G0vtkGWdzffBJybEgfBCu9qTxYeNMzGUI8hpA
2020-02-06 13:28:29.251 [http-nio-8080-exec-9] INFO  org.jeecg.modules.shiro.authc.ShiroRealm:118 - ———校验token是否有效————checkUserTokenIsEffect——————— eyJ0eXAiOiJKV1QiLCJhbGciOiJIUzI1NiJ9.eyJleHAiOjE1ODA5Njg2OTcsInVzZXJuYW1lIjoiYWRtaW4ifQ.Q3Dha2G0vtkGWdzffBJybEgfBCu9qTxYeNMzGUI8hpA
2020-02-06 13:28:31.385 [http-nio-8080-exec-6] INFO  org.jeecg.modules.shiro.authc.ShiroRealm:118 - ———校验token是否有效————checkUserTokenIsEffect——————— eyJ0eXAiOiJKV1QiLCJhbGciOiJIUzI1NiJ9.eyJleHAiOjE1ODA5Njg2OTcsInVzZXJuYW1lIjoiYWRtaW4ifQ.Q3Dha2G0vtkGWdzffBJybEgfBCu9qTxYeNMzGUI8hpA
2020-02-06 13:28:31.385 [http-nio-8080-exec-8] INFO  org.jeecg.modules.shiro.authc.ShiroRealm:118 - ———校验token是否有效————checkUserTokenIsEffect——————— eyJ0eXAiOiJKV1QiLCJhbGciOiJIUzI1NiJ9.eyJleHAiOjE1ODA5Njg2OTcsInVzZXJuYW1lIjoiYWRtaW4ifQ.Q3Dha2G0vtkGWdzffBJybEgfBCu9qTxYeNMzGUI8hpA
2020-02-06 13:33:13.367 [http-nio-8080-exec-6] ERROR org.apache.tomcat.websocket.pojo.PojoEndpointBase:175 - No error handling configured for [org.jeecg.modules.message.websocket.WebSocket] and the following error occurred
java.io.EOFException: null
	at org.apache.tomcat.util.net.NioEndpoint$NioSocketWrapper.fillReadBuffer(NioEndpoint.java:1206)
	at org.apache.tomcat.util.net.NioEndpoint$NioSocketWrapper.read(NioEndpoint.java:1140)
	at org.apache.tomcat.websocket.server.WsFrameServer.onDataAvailable(WsFrameServer.java:72)
	at org.apache.tomcat.websocket.server.WsFrameServer.doOnDataAvailable(WsFrameServer.java:171)
	at org.apache.tomcat.websocket.server.WsFrameServer.notifyDataAvailable(WsFrameServer.java:151)
	at org.apache.tomcat.websocket.server.WsHttpUpgradeHandler.upgradeDispatch(WsHttpUpgradeHandler.java:148)
	at org.apache.coyote.http11.upgrade.UpgradeProcessorInternal.dispatch(UpgradeProcessorInternal.java:54)
	at org.apache.coyote.AbstractProcessorLight.process(AbstractProcessorLight.java:53)
	at org.apache.coyote.AbstractProtocol$ConnectionHandler.process(AbstractProtocol.java:834)
	at org.apache.tomcat.util.net.NioEndpoint$SocketProcessor.doRun(NioEndpoint.java:1415)
	at org.apache.tomcat.util.net.SocketProcessorBase.run(SocketProcessorBase.java:49)
	at java.util.concurrent.ThreadPoolExecutor.runWorker(ThreadPoolExecutor.java:1149)
	at java.util.concurrent.ThreadPoolExecutor$Worker.run(ThreadPoolExecutor.java:624)
	at org.apache.tomcat.util.threads.TaskThread$WrappingRunnable.run(TaskThread.java:61)
	at java.lang.Thread.run(Thread.java:748)
2020-02-06 13:33:13.377 [http-nio-8080-exec-6] INFO  org.jeecg.modules.message.websocket.WebSocket:50 - 【websocket消息】连接断开，总数为:0
2020-02-06 13:33:18.740 [http-nio-8080-exec-3] INFO  org.jeecg.modules.message.websocket.WebSocket:41 - 【websocket消息】有新的连接，总数为:1
2020-02-06 17:07:10.270 [http-nio-8080-exec-6] ERROR org.apache.tomcat.websocket.pojo.PojoEndpointBase:175 - No error handling configured for [org.jeecg.modules.message.websocket.WebSocket] and the following error occurred
java.io.EOFException: null
	at org.apache.tomcat.util.net.NioEndpoint$NioSocketWrapper.fillReadBuffer(NioEndpoint.java:1206)
	at org.apache.tomcat.util.net.NioEndpoint$NioSocketWrapper.read(NioEndpoint.java:1140)
	at org.apache.tomcat.websocket.server.WsFrameServer.onDataAvailable(WsFrameServer.java:72)
	at org.apache.tomcat.websocket.server.WsFrameServer.doOnDataAvailable(WsFrameServer.java:171)
	at org.apache.tomcat.websocket.server.WsFrameServer.notifyDataAvailable(WsFrameServer.java:151)
	at org.apache.tomcat.websocket.server.WsHttpUpgradeHandler.upgradeDispatch(WsHttpUpgradeHandler.java:148)
	at org.apache.coyote.http11.upgrade.UpgradeProcessorInternal.dispatch(UpgradeProcessorInternal.java:54)
	at org.apache.coyote.AbstractProcessorLight.process(AbstractProcessorLight.java:53)
	at org.apache.coyote.AbstractProtocol$ConnectionHandler.process(AbstractProtocol.java:834)
	at org.apache.tomcat.util.net.NioEndpoint$SocketProcessor.doRun(NioEndpoint.java:1415)
	at org.apache.tomcat.util.net.SocketProcessorBase.run(SocketProcessorBase.java:49)
	at java.util.concurrent.ThreadPoolExecutor.runWorker(ThreadPoolExecutor.java:1149)
	at java.util.concurrent.ThreadPoolExecutor$Worker.run(ThreadPoolExecutor.java:624)
	at org.apache.tomcat.util.threads.TaskThread$WrappingRunnable.run(TaskThread.java:61)
	at java.lang.Thread.run(Thread.java:748)
2020-02-06 17:07:10.279 [http-nio-8080-exec-6] INFO  org.jeecg.modules.message.websocket.WebSocket:50 - 【websocket消息】连接断开，总数为:0
2020-02-06 17:07:15.539 [http-nio-8080-exec-3] INFO  org.jeecg.modules.message.websocket.WebSocket:41 - 【websocket消息】有新的连接，总数为:1
2020-02-06 17:18:05.196 [http-nio-8080-exec-9] ERROR org.apache.tomcat.websocket.pojo.PojoEndpointBase:175 - No error handling configured for [org.jeecg.modules.message.websocket.WebSocket] and the following error occurred
java.io.EOFException: null
	at org.apache.tomcat.util.net.NioEndpoint$NioSocketWrapper.fillReadBuffer(NioEndpoint.java:1206)
	at org.apache.tomcat.util.net.NioEndpoint$NioSocketWrapper.read(NioEndpoint.java:1140)
	at org.apache.tomcat.websocket.server.WsFrameServer.onDataAvailable(WsFrameServer.java:72)
	at org.apache.tomcat.websocket.server.WsFrameServer.doOnDataAvailable(WsFrameServer.java:171)
	at org.apache.tomcat.websocket.server.WsFrameServer.notifyDataAvailable(WsFrameServer.java:151)
	at org.apache.tomcat.websocket.server.WsHttpUpgradeHandler.upgradeDispatch(WsHttpUpgradeHandler.java:148)
	at org.apache.coyote.http11.upgrade.UpgradeProcessorInternal.dispatch(UpgradeProcessorInternal.java:54)
	at org.apache.coyote.AbstractProcessorLight.process(AbstractProcessorLight.java:53)
	at org.apache.coyote.AbstractProtocol$ConnectionHandler.process(AbstractProtocol.java:834)
	at org.apache.tomcat.util.net.NioEndpoint$SocketProcessor.doRun(NioEndpoint.java:1415)
	at org.apache.tomcat.util.net.SocketProcessorBase.run(SocketProcessorBase.java:49)
	at java.util.concurrent.ThreadPoolExecutor.runWorker(ThreadPoolExecutor.java:1149)
	at java.util.concurrent.ThreadPoolExecutor$Worker.run(ThreadPoolExecutor.java:624)
	at org.apache.tomcat.util.threads.TaskThread$WrappingRunnable.run(TaskThread.java:61)
	at java.lang.Thread.run(Thread.java:748)
2020-02-06 17:18:05.207 [http-nio-8080-exec-9] INFO  org.jeecg.modules.message.websocket.WebSocket:50 - 【websocket消息】连接断开，总数为:0
2020-02-06 17:18:11.021 [http-nio-8080-exec-8] INFO  org.jeecg.modules.message.websocket.WebSocket:41 - 【websocket消息】有新的连接，总数为:1
2020-02-06 20:52:01.288 [http-nio-8080-exec-5] INFO  org.jeecg.modules.message.websocket.WebSocket:50 - 【websocket消息】连接断开，总数为:0
2020-02-07 22:29:43.304 [Thread-6] INFO  org.quartz.core.QuartzScheduler:585 - Scheduler quartzScheduler_$_NON_CLUSTERED paused.
2020-02-07 22:29:43.312 [Thread-6] INFO  o.s.scheduling.concurrent.ThreadPoolTaskExecutor:208 - Shutting down ExecutorService 'applicationTaskExecutor'
2020-02-07 22:29:43.318 [Thread-6] INFO  o.s.scheduling.quartz.SchedulerFactoryBean:844 - Shutting down Quartz Scheduler
2020-02-07 22:29:43.320 [Thread-6] INFO  org.quartz.core.QuartzScheduler:666 - Scheduler quartzScheduler_$_NON_CLUSTERED shutting down.
2020-02-07 22:29:43.321 [Thread-6] INFO  org.quartz.core.QuartzScheduler:585 - Scheduler quartzScheduler_$_NON_CLUSTERED paused.
2020-02-07 22:29:43.323 [Thread-6] INFO  org.quartz.core.QuartzScheduler:740 - Scheduler quartzScheduler_$_NON_CLUSTERED shutdown complete.
2020-02-07 22:29:43.329 [Thread-6] INFO  c.b.dynamic.datasource.DynamicRoutingDataSource:182 - closing dynamicDatasource  ing....
2020-02-07 22:29:43.336 [Thread-6] INFO  com.alibaba.druid.pool.DruidDataSource:1948 - {dataSource-1} closing ...
2020-02-07 22:29:43.339 [Thread-6] INFO  com.alibaba.druid.pool.DruidDataSource:2020 - {dataSource-1} closed
